This file contains any messages produced by compilers while
running configure, to aid debugging if configure makes a mistake.

It was created by Firmware Mod Kit configure 0.4.0, which was
generated by GNU Autoconf 2.69.  Invocation command line was

  $ ./configure 

## --------- ##
## Platform. ##
## --------- ##

hostname = SWORD
uname -m = x86_64
uname -r = 5.15.133.1-microsoft-standard-WSL2
uname -s = Linux
uname -v = #1 SMP Thu Oct 5 21:02:42 UTC 2023

/usr/bin/uname -p = x86_64
/bin/uname -X     = unknown

/bin/arch              = x86_64
/usr/bin/arch -k       = unknown
/usr/convex/getsysinfo = unknown
/usr/bin/hostinfo      = unknown
/bin/machine           = unknown
/usr/bin/oslevel       = unknown
/bin/universe          = unknown

PATH: /home/swordwsl/.vscode-server/bin/1a5daa3a0231a0fbba4f14db7ec463cf99d7768e/bin/remote-cli
PATH: /home/swordwsl/.local/bin
PATH: /usr/local/sbin
PATH: /usr/local/bin
PATH: /usr/sbin
PATH: /usr/bin
PATH: /sbin
PATH: /bin
PATH: /usr/games
PATH: /usr/local/games
PATH: /usr/lib/wsl/lib
PATH: /snap/bin
PATH: /home/swordwsl/bash_exp/scripts


## ----------- ##
## Core tests. ##
## ----------- ##

configure:2243: checking for gcc
configure:2259: found /usr/bin/gcc
configure:2270: result: gcc
configure:2499: checking for C compiler version
configure:2508: gcc --version >&5
gcc (Ubuntu 9.4.0-1ubuntu1~20.04.2) 9.4.0
Copyright (C) 2019 Free Software Foundation, Inc.
This is free software; see the source for copying conditions.  There is NO
warranty; not even for MERCHANTABILITY or FITNESS FOR A PARTICULAR PURPOSE.

configure:2519: $? = 0
configure:2508: gcc -v >&5
Using built-in specs.
COLLECT_GCC=gcc
COLLECT_LTO_WRAPPER=/usr/lib/gcc/x86_64-linux-gnu/9/lto-wrapper
OFFLOAD_TARGET_NAMES=nvptx-none:hsa
OFFLOAD_TARGET_DEFAULT=1
Target: x86_64-linux-gnu
Configured with: ../src/configure -v --with-pkgversion='Ubuntu 9.4.0-1ubuntu1~20.04.2' --with-bugurl=file:///usr/share/doc/gcc-9/README.Bugs --enable-languages=c,ada,c++,go,brig,d,fortran,objc,obj-c++,gm2 --prefix=/usr --with-gcc-major-version-only --program-suffix=-9 --program-prefix=x86_64-linux-gnu- --enable-shared --enable-linker-build-id --libexecdir=/usr/lib --without-included-gettext --enable-threads=posix --libdir=/usr/lib --enable-nls --enable-clocale=gnu --enable-libstdcxx-debug --enable-libstdcxx-time=yes --with-default-libstdcxx-abi=new --enable-gnu-unique-object --disable-vtable-verify --enable-plugin --enable-default-pie --with-system-zlib --with-target-system-zlib=auto --enable-objc-gc=auto --enable-multiarch --disable-werror --with-arch-32=i686 --with-abi=m64 --with-multilib-list=m32,m64,mx32 --enable-multilib --with-tune=generic --enable-offload-targets=nvptx-none=/build/gcc-9-9QDOt0/gcc-9-9.4.0/debian/tmp-nvptx/usr,hsa --without-cuda-driver --enable-checking=release --build=x86_64-linux-gnu --host=x86_64-linux-gnu --target=x86_64-linux-gnu
Thread model: posix
gcc version 9.4.0 (Ubuntu 9.4.0-1ubuntu1~20.04.2) 
configure:2519: $? = 0
configure:2508: gcc -V >&5
gcc: error: unrecognized command line option '-V'
gcc: fatal error: no input files
compilation terminated.
configure:2519: $? = 1
configure:2508: gcc -qversion >&5
gcc: error: unrecognized command line option '-qversion'; did you mean '--version'?
gcc: fatal error: no input files
compilation terminated.
configure:2519: $? = 1
configure:2539: checking whether the C compiler works
configure:2561: gcc    conftest.c  >&5
configure:2565: $? = 0
configure:2613: result: yes
configure:2616: checking for C compiler default output file name
configure:2618: result: a.out
configure:2624: checking for suffix of executables
configure:2631: gcc -o conftest    conftest.c  >&5
configure:2635: $? = 0
configure:2657: result: 
configure:2679: checking whether we are cross compiling
configure:2687: gcc -o conftest    conftest.c  >&5
configure:2691: $? = 0
configure:2698: ./conftest
configure:2702: $? = 0
configure:2690: result: no
configure:2695: checking for suffix of object files
configure:2717: gcc -c   conftest.c >&5
configure:2721: $? = 0
configure:2742: result: o
configure:2746: checking whether we are using the GNU C compiler
configure:2765: gcc -c   conftest.c >&5
configure:2765: $? = 0
configure:2774: result: yes
configure:2783: checking whether gcc accepts -g
configure:2803: gcc -c -g  conftest.c >&5
configure:2803: $? = 0
configure:2844: result: yes
configure:2861: checking for gcc option to accept ISO C89
configure:2924: gcc  -c -g -O2  conftest.c >&5
configure:2924: $? = 0
configure:2937: result: none needed
configure:3015: checking for g++
configure:3031: found /usr/bin/g++
configure:3042: result: g++
configure:3069: checking for C++ compiler version
configure:3078: g++ --version >&5
g++ (Ubuntu 9.4.0-1ubuntu1~20.04.2) 9.4.0
Copyright (C) 2019 Free Software Foundation, Inc.
This is free software; see the source for copying conditions.  There is NO
warranty; not even for MERCHANTABILITY or FITNESS FOR A PARTICULAR PURPOSE.

configure:3089: $? = 0
configure:3078: g++ -v >&5
Using built-in specs.
COLLECT_GCC=g++
COLLECT_LTO_WRAPPER=/usr/lib/gcc/x86_64-linux-gnu/9/lto-wrapper
OFFLOAD_TARGET_NAMES=nvptx-none:hsa
OFFLOAD_TARGET_DEFAULT=1
Target: x86_64-linux-gnu
Configured with: ../src/configure -v --with-pkgversion='Ubuntu 9.4.0-1ubuntu1~20.04.2' --with-bugurl=file:///usr/share/doc/gcc-9/README.Bugs --enable-languages=c,ada,c++,go,brig,d,fortran,objc,obj-c++,gm2 --prefix=/usr --with-gcc-major-version-only --program-suffix=-9 --program-prefix=x86_64-linux-gnu- --enable-shared --enable-linker-build-id --libexecdir=/usr/lib --without-included-gettext --enable-threads=posix --libdir=/usr/lib --enable-nls --enable-clocale=gnu --enable-libstdcxx-debug --enable-libstdcxx-time=yes --with-default-libstdcxx-abi=new --enable-gnu-unique-object --disable-vtable-verify --enable-plugin --enable-default-pie --with-system-zlib --with-target-system-zlib=auto --enable-objc-gc=auto --enable-multiarch --disable-werror --with-arch-32=i686 --with-abi=m64 --with-multilib-list=m32,m64,mx32 --enable-multilib --with-tune=generic --enable-offload-targets=nvptx-none=/build/gcc-9-9QDOt0/gcc-9-9.4.0/debian/tmp-nvptx/usr,hsa --without-cuda-driver --enable-checking=release --build=x86_64-linux-gnu --host=x86_64-linux-gnu --target=x86_64-linux-gnu
Thread model: posix
gcc version 9.4.0 (Ubuntu 9.4.0-1ubuntu1~20.04.2) 
configure:3089: $? = 0
configure:3078: g++ -V >&5
g++: error: unrecognized command line option '-V'
g++: fatal error: no input files
compilation terminated.
configure:3089: $? = 1
configure:3078: g++ -qversion >&5
g++: error: unrecognized command line option '-qversion'; did you mean '--version'?
g++: fatal error: no input files
compilation terminated.
configure:3089: $? = 1
configure:3093: checking whether we are using the GNU C++ compiler
configure:3112: g++ -c   conftest.cpp >&5
configure:3112: $? = 0
configure:3121: result: yes
configure:3130: checking whether g++ accepts -g
configure:3150: g++ -c -g  conftest.cpp >&5
configure:3150: $? = 0
configure:3191: result: yes
configure:3221: checking how to run the C preprocessor
configure:3252: gcc -E  conftest.c
configure:3252: $? = 0
configure:3266: gcc -E  conftest.c
conftest.c:9:10: fatal error: ac_nonexistent.h: No such file or directory
    9 | #include <ac_nonexistent.h>
      |          ^~~~~~~~~~~~~~~~~~
compilation terminated.
configure:3266: $? = 1
configure: failed program was:
| /* confdefs.h */
| #define PACKAGE_NAME "Firmware Mod Kit"
| #define PACKAGE_TARNAME "firmware-mod-kit"
| #define PACKAGE_VERSION "0.4.0"
| #define PACKAGE_STRING "Firmware Mod Kit 0.4.0"
| #define PACKAGE_BUGREPORT "http://firmware-mod-kit.googlecode.com"
| #define PACKAGE_URL ""
| /* end confdefs.h.  */
| #include <ac_nonexistent.h>
configure:3291: result: gcc -E
configure:3311: gcc -E  conftest.c
configure:3311: $? = 0
configure:3325: gcc -E  conftest.c
conftest.c:9:10: fatal error: ac_nonexistent.h: No such file or directory
    9 | #include <ac_nonexistent.h>
      |          ^~~~~~~~~~~~~~~~~~
compilation terminated.
configure:3325: $? = 1
configure: failed program was:
| /* confdefs.h */
| #define PACKAGE_NAME "Firmware Mod Kit"
| #define PACKAGE_TARNAME "firmware-mod-kit"
| #define PACKAGE_VERSION "0.4.0"
| #define PACKAGE_STRING "Firmware Mod Kit 0.4.0"
| #define PACKAGE_BUGREPORT "http://firmware-mod-kit.googlecode.com"
| #define PACKAGE_URL ""
| /* end confdefs.h.  */
| #include <ac_nonexistent.h>
configure:3354: checking for grep that handles long lines and -e
configure:3412: result: /usr/bin/grep
configure:3417: checking for egrep
configure:3479: result: /usr/bin/grep -E
configure:3484: checking for ANSI C header files
configure:3504: gcc -c -g -O2  conftest.c >&5
configure:3504: $? = 0
configure:3577: gcc -o conftest -g -O2   conftest.c  >&5
configure:3577: $? = 0
configure:3577: ./conftest
configure:3577: $? = 0
configure:3588: result: yes
configure:3601: checking for sys/types.h
configure:3601: gcc -c -g -O2  conftest.c >&5
configure:3601: $? = 0
configure:3601: result: yes
configure:3601: checking for sys/stat.h
configure:3601: gcc -c -g -O2  conftest.c >&5
configure:3601: $? = 0
configure:3601: result: yes
configure:3601: checking for stdlib.h
configure:3601: gcc -c -g -O2  conftest.c >&5
configure:3601: $? = 0
configure:3601: result: yes
configure:3601: checking for string.h
configure:3601: gcc -c -g -O2  conftest.c >&5
configure:3601: $? = 0
configure:3601: result: yes
configure:3601: checking for memory.h
configure:3601: gcc -c -g -O2  conftest.c >&5
configure:3601: $? = 0
configure:3601: result: yes
configure:3601: checking for strings.h
configure:3601: gcc -c -g -O2  conftest.c >&5
configure:3601: $? = 0
configure:3601: result: yes
configure:3601: checking for inttypes.h
configure:3601: gcc -c -g -O2  conftest.c >&5
configure:3601: $? = 0
configure:3601: result: yes
configure:3601: checking for stdint.h
configure:3601: gcc -c -g -O2  conftest.c >&5
configure:3601: $? = 0
configure:3601: result: yes
configure:3601: checking for unistd.h
configure:3601: gcc -c -g -O2  conftest.c >&5
configure:3601: $? = 0
configure:3601: result: yes
configure:3613: checking for size_t
configure:3613: gcc -c -g -O2  conftest.c >&5
configure:3613: $? = 0
configure:3613: gcc -c -g -O2  conftest.c >&5
conftest.c: In function 'main':
conftest.c:55:21: error: expected expression before ')' token
   55 | if (sizeof ((size_t)))
      |                     ^
configure:3613: $? = 1
configure: failed program was:
| /* confdefs.h */
| #define PACKAGE_NAME "Firmware Mod Kit"
| #define PACKAGE_TARNAME "firmware-mod-kit"
| #define PACKAGE_VERSION "0.4.0"
| #define PACKAGE_STRING "Firmware Mod Kit 0.4.0"
| #define PACKAGE_BUGREPORT "http://firmware-mod-kit.googlecode.com"
| #define PACKAGE_URL ""
| #define STDC_HEADERS 1
| #define HAVE_SYS_TYPES_H 1
| #define HAVE_SYS_STAT_H 1
| #define HAVE_STDLIB_H 1
| #define HAVE_STRING_H 1
| #define HAVE_MEMORY_H 1
| #define HAVE_STRINGS_H 1
| #define HAVE_INTTYPES_H 1
| #define HAVE_STDINT_H 1
| #define HAVE_UNISTD_H 1
| /* end confdefs.h.  */
| #include <stdio.h>
| #ifdef HAVE_SYS_TYPES_H
| # include <sys/types.h>
| #endif
| #ifdef HAVE_SYS_STAT_H
| # include <sys/stat.h>
| #endif
| #ifdef STDC_HEADERS
| # include <stdlib.h>
| # include <stddef.h>
| #else
| # ifdef HAVE_STDLIB_H
| #  include <stdlib.h>
| # endif
| #endif
| #ifdef HAVE_STRING_H
| # if !defined STDC_HEADERS && defined HAVE_MEMORY_H
| #  include <memory.h>
| # endif
| # include <string.h>
| #endif
| #ifdef HAVE_STRINGS_H
| # include <strings.h>
| #endif
| #ifdef HAVE_INTTYPES_H
| # include <inttypes.h>
| #endif
| #ifdef HAVE_STDINT_H
| # include <stdint.h>
| #endif
| #ifdef HAVE_UNISTD_H
| # include <unistd.h>
| #endif
| int
| main ()
| {
| if (sizeof ((size_t)))
| 	    return 0;
|   ;
|   return 0;
| }
configure:3613: result: yes
configure:3627: checking for stdlib.h
configure:3627: result: yes
configure:3637: checking for GNU libc compatible malloc
configure:3661: gcc -o conftest -g -O2   conftest.c  >&5
configure:3661: $? = 0
configure:3661: ./conftest
configure:3661: $? = 0
configure:3671: result: yes
configure:3696: checking arpa/inet.h usability
configure:3696: gcc -c -g -O2  conftest.c >&5
configure:3696: $? = 0
configure:3696: result: yes
configure:3696: checking arpa/inet.h presence
configure:3696: gcc -E  conftest.c
configure:3696: $? = 0
configure:3696: result: yes
configure:3696: checking for arpa/inet.h
configure:3696: result: yes
configure:3696: checking fcntl.h usability
configure:3696: gcc -c -g -O2  conftest.c >&5
configure:3696: $? = 0
configure:3696: result: yes
configure:3696: checking fcntl.h presence
configure:3696: gcc -E  conftest.c
configure:3696: $? = 0
configure:3696: result: yes
configure:3696: checking for fcntl.h
configure:3696: result: yes
configure:3696: checking for stdlib.h
configure:3696: result: yes
configure:3696: checking for string.h
configure:3696: result: yes
configure:3696: checking for unistd.h
configure:3696: result: yes
configure:3711: checking for memset
configure:3711: gcc -o conftest -g -O2   conftest.c  >&5
conftest.c:49:6: warning: conflicting types for built-in function 'memset'; expected 'void *(void *, int,  long unsigned int)' [-Wbuiltin-declaration-mismatch]
   49 | char memset ();
      |      ^~~~~~
conftest.c:37:1: note: 'memset' is declared in header '<string.h>'
   36 | # include <limits.h>
   37 | #else
configure:3711: $? = 0
configure:3711: result: yes
configure:3711: checking for malloc
configure:3711: gcc -o conftest -g -O2   conftest.c  >&5
conftest.c:50:6: warning: conflicting types for built-in function 'malloc'; expected 'void *(long unsigned int)' [-Wbuiltin-declaration-mismatch]
   50 | char malloc ();
      |      ^~~~~~
conftest.c:38:1: note: 'malloc' is declared in header '<stdlib.h>'
   37 | # include <limits.h>
   38 | #else
configure:3711: $? = 0
configure:3711: result: yes
configure:3711: checking for strstr
configure:3711: gcc -o conftest -g -O2   conftest.c  >&5
conftest.c:51:6: warning: conflicting types for built-in function 'strstr'; expected 'char *(const char *, const char *)' [-Wbuiltin-declaration-mismatch]
   51 | char strstr ();
      |      ^~~~~~
conftest.c:39:1: note: 'strstr' is declared in header '<string.h>'
   38 | # include <limits.h>
   39 | #else
configure:3711: $? = 0
configure:3711: result: yes
configure:3723: checking for crc32 in -lz
configure:3748: gcc -o conftest -g -O2   conftest.c -lz   >&5
configure:3748: $? = 0
configure:3757: result: yes
configure:3772: checking zlib.h usability
configure:3772: gcc -c -g -O2  conftest.c >&5
configure:3772: $? = 0
configure:3772: result: yes
configure:3772: checking zlib.h presence
configure:3772: gcc -E  conftest.c
configure:3772: $? = 0
configure:3772: result: yes
configure:3772: checking for zlib.h
configure:3772: result: yes
configure:3786: checking lzma.h usability
configure:3786: gcc -c -g -O2  conftest.c >&5
configure:3786: $? = 0
configure:3786: result: yes
configure:3786: checking lzma.h presence
configure:3786: gcc -E  conftest.c
configure:3786: $? = 0
configure:3786: result: yes
configure:3786: checking for lzma.h
configure:3786: result: yes
configure:3941: creating ./config.status

## ---------------------- ##
## Running config.status. ##
## ---------------------- ##

This file was extended by Firmware Mod Kit config.status 0.4.0, which was
generated by GNU Autoconf 2.69.  Invocation command line was

  CONFIG_FILES    = 
  CONFIG_HEADERS  = 
  CONFIG_LINKS    = 
  CONFIG_COMMANDS = 
  $ ./config.status 

on SWORD


## ---------------- ##
## Cache variables. ##
## ---------------- ##

ac_cv_c_compiler_gnu=yes
ac_cv_cxx_compiler_gnu=yes
ac_cv_env_CCC_set=
ac_cv_env_CCC_value=
ac_cv_env_CC_set=
ac_cv_env_CC_value=
ac_cv_env_CFLAGS_set=
ac_cv_env_CFLAGS_value=
ac_cv_env_CPPFLAGS_set=
ac_cv_env_CPPFLAGS_value=
ac_cv_env_CPP_set=
ac_cv_env_CPP_value=
ac_cv_env_CXXFLAGS_set=
ac_cv_env_CXXFLAGS_value=
ac_cv_env_CXX_set=
ac_cv_env_CXX_value=
ac_cv_env_LDFLAGS_set=
ac_cv_env_LDFLAGS_value=
ac_cv_env_LIBS_set=
ac_cv_env_LIBS_value=
ac_cv_env_build_alias_set=
ac_cv_env_build_alias_value=
ac_cv_env_host_alias_set=
ac_cv_env_host_alias_value=
ac_cv_env_target_alias_set=
ac_cv_env_target_alias_value=
ac_cv_func_malloc=yes
ac_cv_func_malloc_0_nonnull=yes
ac_cv_func_memset=yes
ac_cv_func_strstr=yes
ac_cv_header_arpa_inet_h=yes
ac_cv_header_fcntl_h=yes
ac_cv_header_inttypes_h=yes
ac_cv_header_lzma_h=yes
ac_cv_header_memory_h=yes
ac_cv_header_stdc=yes
ac_cv_header_stdint_h=yes
ac_cv_header_stdlib_h=yes
ac_cv_header_string_h=yes
ac_cv_header_strings_h=yes
ac_cv_header_sys_stat_h=yes
ac_cv_header_sys_types_h=yes
ac_cv_header_unistd_h=yes
ac_cv_header_zlib_h=yes
ac_cv_lib_z_crc32=yes
ac_cv_objext=o
ac_cv_path_EGREP='/usr/bin/grep -E'
ac_cv_path_GREP=/usr/bin/grep
ac_cv_prog_CPP='gcc -E'
ac_cv_prog_ac_ct_CC=gcc
ac_cv_prog_ac_ct_CXX=g++
ac_cv_prog_cc_c89=
ac_cv_prog_cc_g=yes
ac_cv_prog_cxx_g=yes
ac_cv_type_size_t=yes

## ----------------- ##
## Output variables. ##
## ----------------- ##

CC='gcc'
CFLAGS='-g -O2'
CPP='gcc -E'
CPPFLAGS=''
CXX='g++'
CXXFLAGS='-g -O2'
DEFS='-DPACKAGE_NAME=\"Firmware\ Mod\ Kit\" -DPACKAGE_TARNAME=\"firmware-mod-kit\" -DPACKAGE_VERSION=\"0.4.0\" -DPACKAGE_STRING=\"Firmware\ Mod\ Kit\ 0.4.0\" -DPACKAGE_BUGREPORT=\"http://firmware-mod-kit.googlecode.com\" -DPACKAGE_URL=\"\" -DSTDC_HEADERS=1 -DHAVE_SYS_TYPES_H=1 -DHAVE_SYS_STAT_H=1 -DHAVE_STDLIB_H=1 -DHAVE_STRING_H=1 -DHAVE_MEMORY_H=1 -DHAVE_STRINGS_H=1 -DHAVE_INTTYPES_H=1 -DHAVE_STDINT_H=1 -DHAVE_UNISTD_H=1 -DHAVE_STDLIB_H=1 -DHAVE_MALLOC=1 -DHAVE_ARPA_INET_H=1 -DHAVE_FCNTL_H=1 -DHAVE_STDLIB_H=1 -DHAVE_STRING_H=1 -DHAVE_UNISTD_H=1 -DHAVE_MEMSET=1 -DHAVE_MALLOC=1 -DHAVE_STRSTR=1 -DHAVE_LIBZ=1 -DHAVE_ZLIB_H=1 -DHAVE_LZMA_H=1'
ECHO_C=''
ECHO_N='-n'
ECHO_T=''
EGREP='/usr/bin/grep -E'
EXEEXT=''
GREP='/usr/bin/grep'
LDFLAGS=''
LIBOBJS=''
LIBS='-lz '
LTLIBOBJS=''
OBJEXT='o'
PACKAGE_BUGREPORT='http://firmware-mod-kit.googlecode.com'
PACKAGE_NAME='Firmware Mod Kit'
PACKAGE_STRING='Firmware Mod Kit 0.4.0'
PACKAGE_TARNAME='firmware-mod-kit'
PACKAGE_URL=''
PACKAGE_VERSION='0.4.0'
PATH_SEPARATOR=':'
SHELL='/bin/bash'
ac_ct_CC='gcc'
ac_ct_CXX='g++'
bindir='${exec_prefix}/bin'
build_alias=''
datadir='${datarootdir}'
datarootdir='${prefix}/share'
docdir='${datarootdir}/doc/${PACKAGE_TARNAME}'
dvidir='${docdir}'
exec_prefix='${prefix}'
host_alias=''
htmldir='${docdir}'
includedir='${prefix}/include'
infodir='${datarootdir}/info'
libdir='${exec_prefix}/lib'
libexecdir='${exec_prefix}/libexec'
localedir='${datarootdir}/locale'
localstatedir='${prefix}/var'
mandir='${datarootdir}/man'
oldincludedir='/usr/include'
pdfdir='${docdir}'
prefix='/usr/local'
program_transform_name='s,x,x,'
psdir='${docdir}'
runstatedir='${localstatedir}/run'
sbindir='${exec_prefix}/sbin'
sharedstatedir='${prefix}/com'
sysconfdir='${prefix}/etc'
target_alias=''

## ----------- ##
## confdefs.h. ##
## ----------- ##

/* confdefs.h */
#define PACKAGE_NAME "Firmware Mod Kit"
#define PACKAGE_TARNAME "firmware-mod-kit"
#define PACKAGE_VERSION "0.4.0"
#define PACKAGE_STRING "Firmware Mod Kit 0.4.0"
#define PACKAGE_BUGREPORT "http://firmware-mod-kit.googlecode.com"
#define PACKAGE_URL ""
#define STDC_HEADERS 1
#define HAVE_SYS_TYPES_H 1
#define HAVE_SYS_STAT_H 1
#define HAVE_STDLIB_H 1
#define HAVE_STRING_H 1
#define HAVE_MEMORY_H 1
#define HAVE_STRINGS_H 1
#define HAVE_INTTYPES_H 1
#define HAVE_STDINT_H 1
#define HAVE_UNISTD_H 1
#define HAVE_STDLIB_H 1
#define HAVE_MALLOC 1
#define HAVE_ARPA_INET_H 1
#define HAVE_FCNTL_H 1
#define HAVE_STDLIB_H 1
#define HAVE_STRING_H 1
#define HAVE_UNISTD_H 1
#define HAVE_MEMSET 1
#define HAVE_MALLOC 1
#define HAVE_STRSTR 1
#define HAVE_LIBZ 1
#define HAVE_ZLIB_H 1
#define HAVE_LZMA_H 1

configure: exit 0
